<?xml version="1.0" encoding="UTF-8"?>
<testng-results ignored="0" total="1" passed="1" failed="0" skipped="0">
  <reporter-output>
    <line>
      <![CDATA[from before suite]]>
    </line>
    <line>
      <![CDATA[application is connected to server of database]]>
    </line>
    <line>
      <![CDATA[from before test]]>
    </line>
    <line>
      <![CDATA[application is connected to database]]>
    </line>
    <line>
      <![CDATA[from before class]]>
    </line>
    <line>
      <![CDATA[opening of browser]]>
    </line>
    <line>
      <![CDATA[navigating to url]]>
    </line>
    <line>
      <![CDATA[from before method]]>
    </line>
    <line>
      <![CDATA[from after method]]>
    </line>
    <line>
      <![CDATA[logout operation from application]]>
    </line>
    <line>
      <![CDATA[from after class]]>
    </line>
    <line>
      <![CDATA[check for closing of browser]]>
    </line>
    <line>
      <![CDATA[from after test]]>
    </line>
    <line>
      <![CDATA[check for application's dis-connectivity from database]]>
    </line>
    <line>
      <![CDATA[from after suite]]>
    </line>
    <line>
      <![CDATA[disconnection from database server is checked]]>
    </line>
  </reporter-output>
  <suite started-at="2024-03-28T11:32:14 GMT" name="Default suite" finished-at="2024-03-28T11:36:10 GMT" duration-ms="236192">
    <groups>
    </groups>
    <test started-at="2024-03-28T11:32:14 GMT" name="Default test" finished-at="2024-03-28T11:36:10 GMT" duration-ms="236192">
      <class name="TestNG_XML.TestScript_03">
        <test-method is-config="true" signature="beforesuite()[pri:0, instance:TestNG_XML.TestScript_03@1a04f701]" started-at="2024-03-28T11:32:14 GMT" name="beforesuite" finished-at="2024-03-28T11:32:14 GMT" duration-ms="14" status="PASS">
          <reporter-output>
            <line>
              <![CDATA[from before suite]]>
            </line>
            <line>
              <![CDATA[application is connected to server of database]]>
            </line>
          </reporter-output>
        </test-method> <!-- beforesuite -->
        <test-method is-config="true" signature="beforetest()[pri:0, instance:TestNG_XML.TestScript_03@1a04f701]" started-at="2024-03-28T11:32:14 GMT" name="beforetest" finished-at="2024-03-28T11:32:14 GMT" duration-ms="1" status="PASS">
          <reporter-output>
            <line>
              <![CDATA[from before test]]>
            </line>
            <line>
              <![CDATA[application is connected to database]]>
            </line>
          </reporter-output>
        </test-method> <!-- beforetest -->
        <test-method is-config="true" signature="beforeclass()[pri:0, instance:TestNG_XML.TestScript_03@1a04f701]" started-at="2024-03-28T11:32:14 GMT" name="beforeclass" finished-at="2024-03-28T11:32:39 GMT" duration-ms="24886" status="PASS">
          <reporter-output>
            <line>
              <![CDATA[from before class]]>
            </line>
            <line>
              <![CDATA[opening of browser]]>
            </line>
            <line>
              <![CDATA[navigating to url]]>
            </line>
          </reporter-output>
        </test-method> <!-- beforeclass -->
        <test-method is-config="true" signature="beforemethod()[pri:0, instance:TestNG_XML.TestScript_03@1a04f701]" started-at="2024-03-28T11:32:39 GMT" name="beforemethod" finished-at="2024-03-28T11:34:06 GMT" duration-ms="86962" status="PASS">
          <reporter-output>
            <line>
              <![CDATA[from before method]]>
            </line>
          </reporter-output>
        </test-method> <!-- beforemethod -->
        <test-method signature="FT_01()[pri:0, instance:TestNG_XML.TestScript_03@1a04f701]" started-at="2024-03-28T11:34:06 GMT" name="FT_01" finished-at="2024-03-28T11:35:08 GMT" duration-ms="62826" status="PASS">
          <reporter-output>
          </reporter-output>
        </test-method> <!-- FT_01 -->
        <test-method is-config="true" signature="aftermethod()[pri:0, instance:TestNG_XML.TestScript_03@1a04f701]" started-at="2024-03-28T11:35:08 GMT" name="aftermethod" finished-at="2024-03-28T11:36:10 GMT" duration-ms="61225" status="PASS">
          <reporter-output>
            <line>
              <![CDATA[from after method]]>
            </line>
            <line>
              <![CDATA[logout operation from application]]>
            </line>
          </reporter-output>
        </test-method> <!-- aftermethod -->
        <test-method is-config="true" signature="afterclass()[pri:0, instance:TestNG_XML.TestScript_03@1a04f701]" started-at="2024-03-28T11:36:10 GMT" name="afterclass" finished-at="2024-03-28T11:36:10 GMT" duration-ms="236" status="PASS">
          <reporter-output>
            <line>
              <![CDATA[from after class]]>
            </line>
            <line>
              <![CDATA[check for closing of browser]]>
            </line>
          </reporter-output>
        </test-method> <!-- afterclass -->
        <test-method is-config="true" signature="aftertest()[pri:0, instance:TestNG_XML.TestScript_03@1a04f701]" started-at="2024-03-28T11:36:10 GMT" name="aftertest" finished-at="2024-03-28T11:36:10 GMT" duration-ms="0" status="PASS">
          <reporter-output>
            <line>
              <![CDATA[from after test]]>
            </line>
            <line>
              <![CDATA[check for application's dis-connectivity from database]]>
            </line>
          </reporter-output>
        </test-method> <!-- aftertest -->
        <test-method is-config="true" signature="aftersuite()[pri:0, instance:TestNG_XML.TestScript_03@1a04f701]" started-at="2024-03-28T11:36:10 GMT" name="aftersuite" finished-at="2024-03-28T11:36:10 GMT" duration-ms="1" status="PASS">
          <reporter-output>
            <line>
              <![CDATA[from after suite]]>
            </line>
            <line>
              <![CDATA[disconnection from database server is checked]]>
            </line>
          </reporter-output>
        </test-method> <!-- aftersuite -->
      </class> <!-- TestNG_XML.TestScript_03 -->
    </test> <!-- Default test -->
  </suite> <!-- Default suite -->
</testng-results>
