<?xml version="1.0" encoding="UTF-8"?>
<!-- Generated by org.testng.reporters.JUnitXMLReporter -->
<testsuite ignored="0" hostname="flyhigh" failures="7" tests="7" name="Test" time="0.068" errors="0" timestamp="2024-03-21T09:47:31 GMT">
  <testcase classname="Scripts_Crossbrowser.ToLaunchApp_07" name="launch_app" time="0.013">
    <failure type="java.lang.Error" message="Unresolved compilation problems: 
	WebDriver cannot be resolved to a type
	ChromeDriver cannot be resolved to a type
	EdgeDriver cannot be resolved to a type
	FirefoxDriver cannot be resolved to a type
">
      <![CDATA[java.lang.Error: Unresolved compilation problems: 
WebDriver cannot be resolved to a type
ChromeDriver cannot be resolved to a type
EdgeDriver cannot be resolved to a type
FirefoxDriver cannot be resolved to a type

at Scripts_Crossbrowser.ToLaunchApp_07.launch_app(ToLaunchApp_07.java:14)
at java.base/java.util.ArrayList.forEach(ArrayList.java:1596)
... Removed 25 stack frames]]>
    </failure>
  </testcase> <!-- launch_app -->
  <testcase classname="Scripts_Crossbrowser.ToLaunchApp_04" name="launch_app" time="0.001">
    <failure type="java.lang.Error" message="Unresolved compilation problems: 
	WebDriver cannot be resolved to a type
	ChromeDriver cannot be resolved to a type
	EdgeDriver cannot be resolved to a type
	FirefoxDriver cannot be resolved to a type
">
      <![CDATA[java.lang.Error: Unresolved compilation problems: 
WebDriver cannot be resolved to a type
ChromeDriver cannot be resolved to a type
EdgeDriver cannot be resolved to a type
FirefoxDriver cannot be resolved to a type

at Scripts_Crossbrowser.ToLaunchApp_04.launch_app(ToLaunchApp_04.java:14)
at java.base/java.util.ArrayList.forEach(ArrayList.java:1596)
... Removed 25 stack frames]]>
    </failure>
  </testcase> <!-- launch_app -->
  <testcase classname="Scripts_Crossbrowser.ToLaunchApp_03" name="launch_app" time="0.001">
    <failure type="java.lang.Error" message="Unresolved compilation problems: 
	WebDriver cannot be resolved to a type
	ChromeDriver cannot be resolved to a type
	EdgeDriver cannot be resolved to a type
	FirefoxDriver cannot be resolved to a type
">
      <![CDATA[java.lang.Error: Unresolved compilation problems: 
WebDriver cannot be resolved to a type
ChromeDriver cannot be resolved to a type
EdgeDriver cannot be resolved to a type
FirefoxDriver cannot be resolved to a type

at Scripts_Crossbrowser.ToLaunchApp_03.launch_app(ToLaunchApp_03.java:14)
at java.base/java.util.ArrayList.forEach(ArrayList.java:1596)
... Removed 25 stack frames]]>
    </failure>
  </testcase> <!-- launch_app -->
  <testcase classname="Scripts_Crossbrowser.ToLaunchApp_06" name="launch_app" time="0.0">
    <failure type="java.lang.Error" message="Unresolved compilation problems: 
	WebDriver cannot be resolved to a type
	ChromeDriver cannot be resolved to a type
	EdgeDriver cannot be resolved to a type
	FirefoxDriver cannot be resolved to a type
">
      <![CDATA[java.lang.Error: Unresolved compilation problems: 
WebDriver cannot be resolved to a type
ChromeDriver cannot be resolved to a type
EdgeDriver cannot be resolved to a type
FirefoxDriver cannot be resolved to a type

at Scripts_Crossbrowser.ToLaunchApp_06.launch_app(ToLaunchApp_06.java:14)
at java.base/java.util.ArrayList.forEach(ArrayList.java:1596)
... Removed 25 stack frames]]>
    </failure>
  </testcase> <!-- launch_app -->
  <testcase classname="Scripts_Crossbrowser.ToLaunchApp_05" name="launch_app" time="0.001">
    <failure type="java.lang.Error" message="Unresolved compilation problems: 
	WebDriver cannot be resolved to a type
	ChromeDriver cannot be resolved to a type
	EdgeDriver cannot be resolved to a type
	FirefoxDriver cannot be resolved to a type
">
      <![CDATA[java.lang.Error: Unresolved compilation problems: 
WebDriver cannot be resolved to a type
ChromeDriver cannot be resolved to a type
EdgeDriver cannot be resolved to a type
FirefoxDriver cannot be resolved to a type

at Scripts_Crossbrowser.ToLaunchApp_05.launch_app(ToLaunchApp_05.java:14)
at java.base/java.util.ArrayList.forEach(ArrayList.java:1596)
... Removed 25 stack frames]]>
    </failure>
  </testcase> <!-- launch_app -->
  <testcase classname="Scripts_Crossbrowser.ToLaunchApp_02" name="launch_app" time="0.003">
    <failure type="java.lang.Error" message="Unresolved compilation problems: 
	WebDriver cannot be resolved to a type
	ChromeDriver cannot be resolved to a type
	EdgeDriver cannot be resolved to a type
	FirefoxDriver cannot be resolved to a type
">
      <![CDATA[java.lang.Error: Unresolved compilation problems: 
WebDriver cannot be resolved to a type
ChromeDriver cannot be resolved to a type
EdgeDriver cannot be resolved to a type
FirefoxDriver cannot be resolved to a type

at Scripts_Crossbrowser.ToLaunchApp_02.launch_app(ToLaunchApp_02.java:15)
at java.base/java.util.ArrayList.forEach(ArrayList.java:1596)
... Removed 25 stack frames]]>
    </failure>
  </testcase> <!-- launch_app -->
  <testcase classname="Scripts_Crossbrowser.ToLaunchApp_01" name="launch_app" time="0.001">
    <failure type="java.lang.Error" message="Unresolved compilation problems: 
	WebDriver cannot be resolved to a type
	ChromeDriver cannot be resolved to a type
	EdgeDriver cannot be resolved to a type
	FirefoxDriver cannot be resolved to a type
">
      <![CDATA[java.lang.Error: Unresolved compilation problems: 
WebDriver cannot be resolved to a type
ChromeDriver cannot be resolved to a type
EdgeDriver cannot be resolved to a type
FirefoxDriver cannot be resolved to a type

at Scripts_Crossbrowser.ToLaunchApp_01.launch_app(ToLaunchApp_01.java:14)
at java.base/java.util.ArrayList.forEach(ArrayList.java:1596)
... Removed 25 stack frames]]>
    </failure>
  </testcase> <!-- launch_app -->
</testsuite> <!-- Test -->
